2020-08-03 11:00:21 10408 [Note] InnoDB: innodb_empty_free_list_algorithm has been changed to legacy because of small buffer pool size. In order to use backoff, increase buffer pool at least up to 20MB.

2020-08-03 11:00:21 10408 [Note] InnoDB: Using mutexes to ref count buffer pool pages
2020-08-03 11:00:21 10408 [Note] InnoDB: The InnoDB memory heap is disabled
2020-08-03 11:00:21 10408 [Note] InnoDB: Mutexes and rw_locks use Windows interlocked functions
2020-08-03 11:00:21 10408 [Note] InnoDB: _mm_lfence() and _mm_sfence() are used for memory barrier
2020-08-03 11:00:21 10408 [Note] InnoDB: Compressed tables use zlib 1.2.11
2020-08-03 11:00:21 10408 [Note] InnoDB: Using generic crc32 instructions
2020-08-03 11:00:21 10408 [Note] InnoDB: Initializing buffer pool, size = 128.0M
2020-08-03 11:00:21 10408 [Note] InnoDB: Completed initialization of buffer pool
2020-08-03 11:00:22 10408 [Note] InnoDB: Highest supported file format is Barracuda.
2020-08-03 11:00:22 10408 [Note] InnoDB: The log sequence number 1835037 in ibdata file do not match the log sequence number 1844059 in the ib_logfiles!
2020-08-03 11:00:22 10408 [Note] InnoDB: Restoring possible half-written data pages from the doublewrite buffer...
2020-08-03 11:00:23 10408 [Warning] InnoDB: Resizing redo log from 2*320 to 2*3072 pages, LSN=1844059
2020-08-03 11:00:23 10408 [Warning] InnoDB: Starting to delete and rewrite log files.
2020-08-03 11:00:23 10408 [Note] InnoDB: Setting log file .\ib_logfile101 size to 48 MB
2020-08-03 11:00:23 10408 [Note] InnoDB: Setting log file .\ib_logfile1 size to 48 MB
2020-08-03 11:00:23 10408 [Note] InnoDB: Renaming log file .\ib_logfile101 to .\ib_logfile0
2020-08-03 11:00:23 10408 [Warning] InnoDB: New log files created, LSN=1844236
2020-08-03 11:00:23 10408 [Note] InnoDB: 128 rollback segment(s) are active.
2020-08-03 11:00:23 10408 [Note] InnoDB: Waiting for purge to start
2020-08-03 11:00:23 10408 [Note] InnoDB:  Percona XtraDB (http://www.percona.com) 5.6.42-84.2 started; log sequence number 1844059
2020-08-03 11:00:24 8040 [Note] InnoDB: Dumping buffer pool(s) not yet started
2020-08-03 11:00:24 10408 [Note] Plugin 'FEEDBACK' is disabled.
2020-08-03 11:00:24 10408 [Note] Server socket created on IP: '::'.
2020-08-03 11:00:24 10408 [Note] mysqld.exe: ready for connections.
Version: '10.1.38-MariaDB'  socket: ''  port: 3306  mariadb.org binary distribution
